<?xml version="1.0" encoding="UTF-8"?>
<!-- Generated by org.testng.reporters.JUnitXMLReporter -->
<testsuite ignored="0" hostname="LTIN173527" failures="0" tests="5" name="Test" time="80.222" errors="0" timestamp="2024-03-05T10:21:45 IST">
  <testcase classname="testCases.TC03_WellNess" name="T001_goToCorporates" time="5.341"/>
  <testcase classname="testCases.TC03_WellNess" name="T002_validateCorporate" time="0.02"/>
  <testcase classname="testCases.TC03_WellNess" name="T003_sendDetails" time="22.012"/>
  <testcase classname="testCases.TC03_WellNess" name="T004_VerifyMsg" time="15.489"/>
  <testcase classname="testCases.TC03_WellNess" name="T005_MsgScreenshot" time="0.464"/>
</testsuite> <!-- Test -->
